<?xml version="1.0" encoding="UTF-8"?>
<!-- Generated by org.testng.reporters.JUnitReportReporter -->
<testsuite hostname="Abedalraheem" failures="0" tests="2" name="automation_Testng_saturday.MyCreditCard" time="0.001" errors="0" timestamp="2022-10-08T13:17:08 AST" skipped="0">
  <testcase classname="automation_Testng_saturday.MyCreditCard" name="myCreditOne" time="0.001"/>
  <system-out/>
  <testcase classname="automation_Testng_saturday.MyCreditCard" name="myCreditTwo" time="0.000"/>
  <system-out/>
</testsuite> <!-- automation_Testng_saturday.MyCreditCard -->
