<?xml version="1.0" encoding="UTF-8"?>
<!-- Generated by org.testng.reporters.JUnitReportReporter -->
<testsuite hostname="Abedalraheem" failures="0" tests="6" name="automation_Testng_saturday.MyCash" time="0.011" errors="0" timestamp="2022-10-08T13:54:00 AST" skipped="0">
  <testcase classname="automation_Testng_saturday.MyCash" name="myCasheSale_3" time="0.007"/>
  <system-out/>
  <testcase classname="automation_Testng_saturday.MyCash" name="myCasheSale_4" time="0.001"/>
  <system-out/>
  <testcase classname="automation_Testng_saturday.MyCash" name="myCasheSale_2" time="0.001"/>
  <system-out/>
  <testcase classname="automation_Testng_saturday.MyCash" name="myCasheSale_5" time="0.001"/>
  <system-out/>
  <testcase classname="automation_Testng_saturday.MyCash" name="myCasheSale_6" time="0.001"/>
  <system-out/>
  <testcase classname="automation_Testng_saturday.MyCash" name="myCasheSale_1" time="0.000"/>
  <system-out/>
</testsuite> <!-- automation_Testng_saturday.MyCash -->
